<?xml version="1.0" encoding="UTF-8" ?>
<testsuites>
  <testsuite failures="1" hostname="ibm-anubhavsharma" id="0" name="Anubhav/tests" package="" skipped="0" tests="1" time="6.361" timestamp="Thu Nov 21 13:57:37 IST 2024">
	    <properties>
		      <property name="excludeCallableTestCases" value="true" />

		      <property name="testEnvironment" value="" />

		      <property name="pluginOutputLevel" value="WARNING" />

		      <property name="projectPath" value=".." />

		      <property name="salesforceMetadataCache" value="Reuse" />

		      <property name="resultsPathDisposition" value="Increment" />

		      <property name="testOutputLevel" value="INFO" />

		      <property name="webBrowserType" value="Chrome" />

		      <property name="resultsPath" value="../ANT/Results" />

		      <property name="webBrowserConfiguration" value="Full Screen" />

		      <property name="projectCachePath" value="C:\Users\anubhav.sharma\git\PPproject\Anubhav\ANT\..\..\.provarCaches" />

	    </properties>

	    <testcase classname="tests/UIActionWPO.testcase" name="UIActionWPO.testcase" time="6.092">
		      <failure message="Execution failed"><![CDATA[Field not found on Page Object.  Parent class: pageobjects.MyPageObject, field: SearchBox]]></failure>

	    </testcase>

  </testsuite>
</testsuites>
