<?xml version="1.0" encoding="UTF-8" ?>
<testsuites>
  <testsuite failures="1" hostname="ibm-anubhavsharma" id="0" name="Anubhav/tests" package="" skipped="0" tests="1" time="5.027" timestamp="Tue Nov 05 13:09:56 IST 2024">
	    <properties>
		      <property name="excludeCallableTestCases" value="true" />

		      <property name="testEnvironment" value="" />

		      <property name="pluginOutputLevel" value="WARNING" />

		      <property name="projectPath" value=".." />

		      <property name="salesforceMetadataCache" value="Reuse" />

		      <property name="resultsPathDisposition" value="Increment" />

		      <property name="testOutputLevel" value="INFO" />

		      <property name="webBrowserType" value="Chrome" />

		      <property name="resultsPath" value="../ANT/Results" />

		      <property name="webBrowserConfiguration" value="Full Screen" />

		      <property name="projectCachePath" value="C:\Users\anubhav.sharma\Provar\PPProject\Anubhav\ANT\..\..\.provarCaches" />

	    </properties>

	    <testcase classname="tests/UIActionWPO.testcase" name="UIActionWPO.testcase" time="4.761">
		      <failure message="Execution failed"><![CDATA[The containing Screen or Row was not found.]]></failure>

	    </testcase>

  </testsuite>
</testsuites>
